2025-05-27 10:15:00 INFO  com.ososx.tcg.officer.Entry Line:38  - TcgCommon: 1.4.1 @ 2021-01-18 16:22
2025-05-27 10:15:00 INFO  com.ososx.tcg.officer.Entry Line:40  - 默认字符编码:UTF-8
2025-05-27 10:15:55 INFO  com.ososx.tcg.officer.Entry Line:38  - TcgCommon: 1.4.1 @ 2021-01-18 16:22
2025-05-27 10:15:55 INFO  com.ososx.tcg.officer.Entry Line:40  - 默认字符编码:UTF-8
2025-05-27 13:53:49 INFO  com.ososx.tcg.officer.Entry Line:38  - TcgCommon: 1.4.1 @ 2021-01-18 16:22
2025-05-27 13:53:49 INFO  com.ososx.tcg.officer.Entry Line:40  - 默认字符编码:UTF-8
2025-05-27 16:10:24 INFO  com.ososx.tcg.officer.Entry Line:38  - TcgCommon: 1.4.1 @ 2021-01-18 16:22
2025-05-27 16:10:24 INFO  com.ososx.tcg.officer.Entry Line:40  - 默认字符编码:UTF-8
2025-05-27 17:04:43 INFO  com.ososx.tcg.officer.Entry Line:38  - TcgCommon: 1.4.1 @ 2021-01-18 16:22
2025-05-27 17:04:43 INFO  com.ososx.tcg.officer.Entry Line:40  - 默认字符编码:UTF-8
2025-05-27 17:08:42 ERROR com.ososx.tcg.console.api.ConsoleWebApi Line:118 - 
com.ososx.basic.pattern.result.EcResultException: GET请求结果异常:404, uri=http://103.77.172.190:9999/srv/game/start
	at com.ososx.api.WebApi.GET_EXE(WebApi.java:114)
	at com.ososx.api.WebApi.GET(WebApi.java:76)
	at com.ososx.api.WebApi.GET(WebApi.java:63)
	at com.ososx.tcg.console.api.srv.SrvGameApi.start(SrvGameApi.java:94)
	at com.ososx.tcg.officer.apps.srv.game.SrvGameTableItem.lambda$getSrvStartBtn$0(SrvGameTableItem.java:57)
	at java.desktop/javax.swing.AbstractButton.fireActionPerformed(AbstractButton.java:1972)
	at java.desktop/javax.swing.AbstractButton$Handler.actionPerformed(AbstractButton.java:2314)
	at java.desktop/javax.swing.DefaultButtonModel.fireActionPerformed(DefaultButtonModel.java:407)
	at java.desktop/javax.swing.DefaultButtonModel.setPressed(DefaultButtonModel.java:262)
	at java.desktop/javax.swing.plaf.basic.BasicButtonListener.mouseReleased(BasicButtonListener.java:279)
	at org.pushingpixels.substance.internal.utils.RolloverButtonListener.mouseReleased(RolloverButtonListener.java:124)
	at java.desktop/java.awt.Component.processMouseEvent(Component.java:6576)
	at java.desktop/javax.swing.JComponent.processMouseEvent(JComponent.java:3404)
	at java.desktop/java.awt.Component.processEvent(Component.java:6341)
	at java.desktop/java.awt.Container.processEvent(Container.java:2260)
	at java.desktop/java.awt.Component.dispatchEventImpl(Component.java:4958)
	at java.desktop/java.awt.Container.dispatchEventImpl(Container.java:2318)
	at java.desktop/java.awt.Component.dispatchEvent(Component.java:4790)
	at java.desktop/java.awt.LightweightDispatcher.retargetMouseEvent(Container.java:4916)
	at java.desktop/java.awt.LightweightDispatcher.processMouseEvent(Container.java:4559)
	at java.desktop/java.awt.LightweightDispatcher.dispatchEvent(Container.java:4500)
	at java.desktop/java.awt.Container.dispatchEventImpl(Container.java:2304)
	at java.desktop/java.awt.Window.dispatchEventImpl(Window.java:2671)
	at java.desktop/java.awt.Component.dispatchEvent(Component.java:4790)
	at java.desktop/java.awt.EventQueue.dispatchEventImpl(EventQueue.java:725)
	at java.desktop/java.awt.EventQueue.dispatchEvent(EventQueue.java:702)
	at java.desktop/java.awt.EventDispatchThread.pumpOneEventForFilters(EventDispatchThread.java:203)
	at java.desktop/java.awt.EventDispatchThread.pumpEventsForFilter(EventDispatchThread.java:124)
	at java.desktop/java.awt.EventDispatchThread.pumpEventsForHierarchy(EventDispatchThread.java:113)
	at java.desktop/java.awt.EventDispatchThread.pumpEvents(EventDispatchThread.java:109)
	at java.desktop/java.awt.EventDispatchThread.pumpEvents(EventDispatchThread.java:101)
	at java.desktop/java.awt.EventDispatchThread.run(EventDispatchThread.java:90)
